<?xml version="1.0" encoding="UTF-8"?>
<!-- Generated by org.testng.reporters.JUnitReportReporter -->
<testsuite hostname="DESKTOP-G8O6OG0" failures="0" tests="1" name="com.TestNGDemos.D09KeywordDrivenFramework" time="0.995" errors="0" timestamp="2025-07-17T20:27:26 IST" skipped="0">
  <testcase classname="com.TestNGDemos.D09KeywordDrivenFramework" name="testElements" time="0.995"/>
</testsuite> <!-- com.TestNGDemos.D09KeywordDrivenFramework -->
