<?xml version="1.0" encoding="UTF-8"?>
<!-- Generated by org.testng.reporters.JUnitReportReporter -->
<testsuite hostname="DESKTOP-G8O6OG0" failures="0" tests="4" name="com.Assignments.OHRM_Login_Logout" time="8.333" errors="0" timestamp="2025-07-14T22:11:39 IST" skipped="0">
  <testcase classname="com.Assignments.OHRM_Login_Logout" name="loginToOHRM4" time="0.621"/>
  <testcase classname="com.Assignments.OHRM_Login_Logout" name="loginToOHRM1" time="2.599"/>
  <testcase classname="com.Assignments.OHRM_Login_Logout" name="loginToOHRM2" time="3.428"/>
  <testcase classname="com.Assignments.OHRM_Login_Logout" name="loginToOHRM3" time="1.685"/>
</testsuite> <!-- com.Assignments.OHRM_Login_Logout -->
