<?xml version="1.0" encoding="UTF-8"?>
<!-- Generated by org.testng.reporters.JUnitReportReporter -->
<testsuite hostname="DESKTOP-G8O6OG0" failures="0" tests="6" name="com.TestNGDemos.D13CreateLoginFile" time="0.167" errors="0" timestamp="2025-07-17T22:15:39 IST" skipped="0">
  <testcase classname="com.TestNGDemos.D13CreateLoginFile" name="writeToFile" time="0.023"/>
  <testcase classname="com.TestNGDemos.D13CreateLoginFile" name="writeToFile" time="0.016"/>
  <testcase classname="com.TestNGDemos.D13CreateLoginFile" name="writeToFile" time="0.005"/>
  <testcase classname="com.TestNGDemos.D13CreateLoginFile" name="writeToFile" time="0.016"/>
  <testcase classname="com.TestNGDemos.D13CreateLoginFile" name="writeToFile" time="0.006"/>
  <testcase classname="com.TestNGDemos.D13CreateLoginFile" name="writeToFile" time="0.101"/>
</testsuite> <!-- com.TestNGDemos.D13CreateLoginFile -->
