<?xml version="1.0" encoding="UTF-8"?>
<!-- Generated by org.testng.reporters.JUnitReportReporter -->
<testsuite hostname="DESKTOP-G8O6OG0" failures="0" tests="4" name="com.Assignments.ForPriority" time="0.054" errors="0" timestamp="2025-07-16T20:20:52 IST" skipped="0">
  <testcase classname="com.Assignments.ForPriority" name="test1" time="0.030"/>
  <testcase classname="com.Assignments.ForPriority" name="test4" time="0.005"/>
  <testcase classname="com.Assignments.ForPriority" name="test2" time="0.013"/>
  <testcase classname="com.Assignments.ForPriority" name="test3" time="0.006"/>
</testsuite> <!-- com.Assignments.ForPriority -->
