<?xml version="1.0" encoding="UTF-8"?>
<!-- Generated by org.testng.reporters.JUnitReportReporter -->
<testsuite hostname="DESKTOP-G8O6OG0" failures="0" tests="4" name="com.TestNGDemos.D02OnlineShopping" time="85.851" errors="0" timestamp="2025-07-14T22:18:33 IST" skipped="0">
  <testcase classname="com.TestNGDemos.D02OnlineShopping" name="testSkinbae" time="30.101"/>
  <testcase classname="com.TestNGDemos.D02OnlineShopping" name="testTiraBeauty" time="29.623"/>
  <testcase classname="com.TestNGDemos.D02OnlineShopping" name="testNyka" time="10.840"/>
  <testcase classname="com.TestNGDemos.D02OnlineShopping" name="testMaccaron" time="15.287"/>
</testsuite> <!-- com.TestNGDemos.D02OnlineShopping -->
