<?xml version="1.0" encoding="UTF-8"?>
<!-- Generated by org.testng.reporters.JUnitReportReporter -->
<testsuite hostname="DESKTOP-G8O6OG0" failures="0" tests="2" name="com.TestNGDemos.D10POM_Client" time="11.470" errors="0" timestamp="2025-07-18T20:11:18 IST" skipped="0">
  <testcase classname="com.TestNGDemos.D10POM_Client" name="registration" time="5.732"/>
  <testcase classname="com.TestNGDemos.D10POM_Client" name="registration1" time="5.738"/>
</testsuite> <!-- com.TestNGDemos.D10POM_Client -->
