<?xml version="1.0" encoding="UTF-8"?>
<!-- Generated by org.testng.reporters.JUnitReportReporter -->
<testsuite hostname="DESKTOP-G8O6OG0" failures="0" tests="4" name="com.Assignments.ForPriority" time="0.033" errors="0" timestamp="2025-07-14T22:26:42 IST" skipped="0">
  <testcase classname="com.Assignments.ForPriority" name="test4" time="0.013"/>
  <testcase classname="com.Assignments.ForPriority" name="test1" time="0.008"/>
  <testcase classname="com.Assignments.ForPriority" name="test2" time="0.004"/>
  <testcase classname="com.Assignments.ForPriority" name="test3" time="0.008"/>
</testsuite> <!-- com.Assignments.ForPriority -->
