<?xml version="1.0" encoding="UTF-8"?>
<!-- Generated by org.testng.reporters.JUnitReportReporter -->
<testsuite hostname="DESKTOP-G8O6OG0" failures="0" tests="2" name="com.TestNGDemos.D10POM_Client" time="6.940" errors="0" timestamp="2025-07-17T21:00:08 IST" skipped="0">
  <testcase classname="com.TestNGDemos.D10POM_Client" name="registration" time="3.531"/>
  <testcase classname="com.TestNGDemos.D10POM_Client" name="registration1" time="3.409"/>
</testsuite> <!-- com.TestNGDemos.D10POM_Client -->
