<?xml version="1.0" encoding="UTF-8"?>
<!-- Generated by org.testng.reporters.JUnitReportReporter -->
<testsuite hostname="DESKTOP-G8O6OG0" failures="0" tests="4" name="com.TestNGDemos.D04Before_After_Method" time="34.018" errors="0" timestamp="2025-07-11T21:32:51 IST" skipped="0">
  <testcase classname="com.TestNGDemos.D04Before_After_Method" name="testSkinbae" time="5.738"/>
  <testcase classname="com.TestNGDemos.D04Before_After_Method" name="testTeraBeauty" time="21.936"/>
  <testcase classname="com.TestNGDemos.D04Before_After_Method" name="testNyka" time="2.671"/>
  <testcase classname="com.TestNGDemos.D04Before_After_Method" name="testMaccaron" time="3.673"/>
</testsuite> <!-- com.TestNGDemos.D04Before_After_Method -->
