<?xml version="1.0" encoding="UTF-8"?>
<!-- Generated by org.testng.reporters.JUnitReportReporter -->
<testsuite hostname="DESKTOP-G8O6OG0" failures="0" tests="4" name="com.TestNGDemos.D03Before_After_Test" time="36.969" errors="0" timestamp="2025-07-11T21:20:58 IST" skipped="0">
  <testcase classname="com.TestNGDemos.D03Before_After_Test" name="testSkinbae" time="5.903"/>
  <testcase classname="com.TestNGDemos.D03Before_After_Test" name="testTeraBeauty" time="21.867"/>
  <testcase classname="com.TestNGDemos.D03Before_After_Test" name="testNyka" time="2.709"/>
  <testcase classname="com.TestNGDemos.D03Before_After_Test" name="testMaccaron" time="6.490"/>
</testsuite> <!-- com.TestNGDemos.D03Before_After_Test -->
