<?xml version="1.0" encoding="UTF-8"?>
<!-- Generated by org.testng.reporters.JUnitReportReporter -->
<testsuite hostname="DESKTOP-G8O6OG0" failures="0" tests="1" name="com.TestNGDemos.D01FirstTest" time="5.805" errors="0" timestamp="2025-07-11T20:30:50 IST" skipped="0">
  <testcase classname="com.TestNGDemos.D01FirstTest" name="revenueCalculator" time="5.805"/>
</testsuite> <!-- com.TestNGDemos.D01FirstTest -->
