<?xml version="1.0" encoding="UTF-8"?>
<!-- Generated by org.testng.reporters.JUnitReportReporter -->
<testsuite hostname="DESKTOP-G8O6OG0" failures="0" tests="2" name="com.TestNGDemos.D05TiraBeautyAssignment" time="36.406" errors="0" timestamp="2025-07-16T20:31:31 IST" skipped="0">
  <testcase classname="com.TestNGDemos.D05TiraBeautyAssignment" name="testMomnBabyLink" time="31.227"/>
  <testcase classname="com.TestNGDemos.D05TiraBeautyAssignment" name="testMakeUpLink" time="5.179"/>
</testsuite> <!-- com.TestNGDemos.D05TiraBeautyAssignment -->
