<?xml version="1.0" encoding="UTF-8"?>
<!-- Generated by org.testng.reporters.JUnitReportReporter -->
<testsuite hostname="DESKTOP-G8O6OG0" failures="0" tests="1" name="com.TestNGDemos.D11WritingToExcel" time="0.121" errors="0" timestamp="2025-07-17T21:53:43 IST" skipped="0">
  <testcase classname="com.TestNGDemos.D11WritingToExcel" name="writeToExcel" time="0.121"/>
</testsuite> <!-- com.TestNGDemos.D11WritingToExcel -->
