<?xml version="1.0" encoding="UTF-8"?>
<!-- Generated by org.testng.reporters.JUnitReportReporter -->
<testsuite hostname="DESKTOP-G8O6OG0" failures="0" tests="1" name="com.TestNGDemos.D10POM_Client" time="1.341" errors="0" timestamp="2025-07-16T22:22:52 IST" skipped="0">
  <testcase classname="com.TestNGDemos.D10POM_Client" name="registration" time="1.341"/>
</testsuite> <!-- com.TestNGDemos.D10POM_Client -->
