<?xml version="1.0" encoding="UTF-8"?>
<!-- Generated by org.testng.reporters.JUnitReportReporter -->
<testsuite hostname="DESKTOP-G8O6OG0" failures="0" tests="4" name="com.Assignments.OHRM_Login_Logout" time="10.881" errors="0" timestamp="2025-07-11T22:12:00 IST" skipped="0">
  <testcase classname="com.Assignments.OHRM_Login_Logout" name="loginToOHRM2" time="0.773"/>
  <testcase classname="com.Assignments.OHRM_Login_Logout" name="loginToOHRM1" time="4.205"/>
  <testcase classname="com.Assignments.OHRM_Login_Logout" name="loginToOHRM3" time="1.815"/>
  <testcase classname="com.Assignments.OHRM_Login_Logout" name="loginToOHRM4" time="4.088"/>
</testsuite> <!-- com.Assignments.OHRM_Login_Logout -->
