<?xml version="1.0" encoding="UTF-8"?>
<!-- Generated by org.testng.reporters.JUnitReportReporter -->
<testsuite hostname="DESKTOP-G8O6OG0" failures="0" tests="1" name="com.TestNGDemos.D08Parameterization" time="2.329" errors="0" timestamp="2025-07-16T20:53:42 IST" skipped="0">
  <testcase classname="com.TestNGDemos.D08Parameterization" name="login" time="2.329"/>
</testsuite> <!-- com.TestNGDemos.D08Parameterization -->
