<?xml version="1.0" encoding="UTF-8"?>
<!-- Generated by org.testng.reporters.JUnitReportReporter -->
<testsuite hostname="DESKTOP-G8O6OG0" failures="0" tests="4" name="com.TestNGDemos.D02OnlineShopping" time="44.558" errors="0" timestamp="2025-07-11T20:49:03 IST" skipped="0">
  <testcase classname="com.TestNGDemos.D02OnlineShopping" name="testSkinbae" time="8.889"/>
  <testcase classname="com.TestNGDemos.D02OnlineShopping" name="testNyka" time="5.325"/>
  <testcase classname="com.TestNGDemos.D02OnlineShopping" name="testTeraBeauty" time="25.463"/>
  <testcase classname="com.TestNGDemos.D02OnlineShopping" name="testMaccaron" time="4.881"/>
</testsuite> <!-- com.TestNGDemos.D02OnlineShopping -->
