<?xml version="1.0" encoding="UTF-8"?>
<!-- Generated by org.testng.reporters.JUnitReportReporter -->
<testsuite hostname="DESKTOP-G8O6OG0" failures="0" tests="1" name="com.TestNGDemos.D12CreateFriendsData" time="0.089" errors="0" timestamp="2025-07-17T22:04:17 IST" skipped="0">
  <testcase classname="com.TestNGDemos.D12CreateFriendsData" name="createData" time="0.089"/>
</testsuite> <!-- com.TestNGDemos.D12CreateFriendsData -->
