<?xml version="1.0" encoding="UTF-8"?>
<!-- Generated by org.testng.reporters.JUnitReportReporter -->
<testsuite hostname="DESKTOP-G8O6OG0" failures="0" tests="2" name="com.TestNGDemos.D06DataProviderDemo" time="0.026" errors="0" timestamp="2025-07-11T22:19:34 IST" skipped="0">
  <testcase classname="com.TestNGDemos.D06DataProviderDemo" name="f" time="0.016"/>
  <testcase classname="com.TestNGDemos.D06DataProviderDemo" name="f" time="0.010"/>
</testsuite> <!-- com.TestNGDemos.D06DataProviderDemo -->
