<?xml version="1.0" encoding="UTF-8"?>
<!-- Generated by org.testng.reporters.JUnitReportReporter -->
<testsuite hostname="DESKTOP-G8O6OG0" failures="0" tests="5" name="com.MyTests.D02TrialTestNGClass" time="19.003" errors="0" timestamp="2025-07-21T20:34:50 IST" skipped="0">
  <testcase classname="com.MyTests.D02TrialTestNGClass" name="myTest" time="4.260"/>
  <testcase classname="com.MyTests.D02TrialTestNGClass" name="myTest" time="3.075"/>
  <testcase classname="com.MyTests.D02TrialTestNGClass" name="myTest" time="4.306"/>
  <testcase classname="com.MyTests.D02TrialTestNGClass" name="myTest" time="4.560"/>
  <testcase classname="com.MyTests.D02TrialTestNGClass" name="myTest" time="2.802"/>
</testsuite> <!-- com.MyTests.D02TrialTestNGClass -->
