<?xml version="1.0" encoding="UTF-8"?>
<!-- Generated by org.testng.reporters.JUnitReportReporter -->
<testsuite hostname="DESKTOP-G8O6OG0" failures="0" tests="5" name="com.MyTests.D10InvocationCount" time="0.040" errors="0" timestamp="2025-07-25T21:40:12 IST" skipped="0">
  <testcase classname="com.MyTests.D10InvocationCount" name="myTest" time="0.007"/>
  <testcase classname="com.MyTests.D10InvocationCount" name="myTest" time="0.004"/>
  <testcase classname="com.MyTests.D10InvocationCount" name="myTest" time="0.007"/>
  <testcase classname="com.MyTests.D10InvocationCount" name="myTest" time="0.018"/>
  <testcase classname="com.MyTests.D10InvocationCount" name="myTest" time="0.004"/>
</testsuite> <!-- com.MyTests.D10InvocationCount -->
