<?xml version="1.0" encoding="UTF-8"?>
<!-- Generated by org.testng.reporters.JUnitReportReporter -->
<testsuite hostname="DESKTOP-G8O6OG0" failures="0" tests="1" name="com.MyTests.D09TimeOutDemo" time="2.533" errors="0" timestamp="2025-07-25T21:38:53 IST" skipped="0">
  <testcase classname="com.MyTests.D09TimeOutDemo" name="test1" time="2.533"/>
</testsuite> <!-- com.MyTests.D09TimeOutDemo -->
