<?xml version="1.0" encoding="UTF-8"?>
<!-- Generated by org.testng.reporters.JUnitReportReporter -->
<testsuite hostname="DESKTOP-G8O6OG0" failures="0" tests="7" name="com.MyTests.D04GetLoginData" time="0.139" errors="0" timestamp="2025-07-21T20:59:26 IST" skipped="0">
  <testcase classname="com.MyTests.D04GetLoginData" name="displayData" time="0.012"/>
  <testcase classname="com.MyTests.D04GetLoginData" name="displayData" time="0.018"/>
  <testcase classname="com.MyTests.D04GetLoginData" name="displayData" time="0.010"/>
  <testcase classname="com.MyTests.D04GetLoginData" name="displayData" time="0.003"/>
  <testcase classname="com.MyTests.D04GetLoginData" name="displayData" time="0.030"/>
  <testcase classname="com.MyTests.D04GetLoginData" name="displayData" time="0.041"/>
  <testcase classname="com.MyTests.D04GetLoginData" name="displayData" time="0.025"/>
</testsuite> <!-- com.MyTests.D04GetLoginData -->
